<?xml version="1.0" encoding="UTF-8"?>
<!-- Generated by org.testng.reporters.JUnitXMLReporter -->
<testsuite hostname="AKSAINI-AT37S" ignored="0" name="Test" tests="12" failures="1" timestamp="05 Jul 2017 12:45:03 GMT" time="315.52" errors="0">
  <testcase name="TestPopUp" time="43.411" classname="com.Git.com.EGIT.TestNaukri"/>
  <testcase name="cookies" time="17.641" classname="com.Git.com.EGIT.addcookies"/>
  <testcase name="dragNdrop" time="24.91" classname="com.Git.com.EGIT.drag_drop"/>
  <testcase name="testApp" time="0.006" classname="com.Git.com.EGIT.AppTest"/>
  <testcase name="upload" time="48.584" classname="com.Git.com.EGIT.robot_upload"/>
  <testcase name="frames" time="15.88" classname="com.Git.com.EGIT.iframes"/>
  <testcase name="Bootstrapfun" time="38.282" classname="com.Git.com.EGIT.BootStrap"/>
  <testcase name="alerts" time="21.363" classname="com.Git.com.EGIT.alert"/>
  <testcase name="multiplewindows" time="16.152" classname="com.Git.com.EGIT.multiplewindow"/>
  <testcase name="chorme" time="9.789" classname="com.Git.com.EGIT.Chrome"/>
  <testcase name="allwait" time="44.894" classname="com.Git.com.EGIT.wait">
    <failure type="org.openqa.selenium.NoSuchElementException" message="no such element: Unable to locate element: {&amp;quot;method&amp;quot;:&amp;quot;xpath&amp;quot;,&amp;quot;selector&amp;quot;:&amp;quot;//p[text()=&amp;apos;QTP&amp;apos;]&amp;quot;}
  (Session info: chrome=59.0.3071.115)
  (Driver info: chromedriver=2.29.461591 (62ebf098771772160f391d75e589dc567915b233),platform=Windows NT 10.0.14393 x86_64) (WARNING: The server did not provide any stacktrace information)
Command duration or timeout: 20.07 seconds
For documentation on this error, please visit: http://seleniumhq.org/exceptions/no_such_element.html
Build info: version: &amp;apos;3.4.0&amp;apos;, revision: &amp;apos;unknown&amp;apos;, time: &amp;apos;unknown&amp;apos;
System info: host: &amp;apos;AKSAINI-AT37S&amp;apos;, ip: &amp;apos;10.65.136.100&amp;apos;, os.name: &amp;apos;Windows 10&amp;apos;, os.arch: &amp;apos;amd64&amp;apos;, os.version: &amp;apos;10.0&amp;apos;, java.version: &amp;apos;1.8.0_131&amp;apos;
Driver info: org.openqa.selenium.chrome.ChromeDriver
Capabilities [{applicationCacheEnabled=false, rotatable=false, mobileEmulationEnabled=false, networkConnectionEnabled=false, chrome={chromedriverVersion=2.29.461591 (62ebf098771772160f391d75e589dc567915b233), userDataDir=C:\Users\aksaini\AppData\Local\Temp\scoped_dir9856_6733}, takesHeapSnapshot=true, pageLoadStrategy=normal, databaseEnabled=false, handlesAlerts=true, hasTouchScreen=false, version=59.0.3071.115, platform=XP, browserConnectionEnabled=false, nativeEvents=true, acceptSslCerts=true, locationContextEnabled=true, webStorageEnabled=true, browserName=chrome, takesScreenshot=true, javascriptEnabled=true, cssSelectorsEnabled=true, unexpectedAlertBehaviour=}]
Session ID: 6a60aafd0af5af266227706579832e7f
*** Element info: {Using=xpath, value=//p[text()=&amp;apos;QTP&amp;apos;]}">
      <![CDATA[org.openqa.selenium.NoSuchElementException: no such element: Unable to locate element: {"method":"xpath","selector":"//p[text()='QTP']"}
  (Session info: chrome=59.0.3071.115)
  (Driver info: chromedriver=2.29.461591 (62ebf098771772160f391d75e589dc567915b233),platform=Windows NT 10.0.14393 x86_64) (WARNING: The server did not provide any stacktrace information)
Command duration or timeout: 20.07 seconds
For documentation on this error, please visit: http://seleniumhq.org/exceptions/no_such_element.html
Build info: version: '3.4.0', revision: 'unknown', time: 'unknown'
System info: host: 'AKSAINI-AT37S', ip: '10.65.136.100', os.name: 'Windows 10', os.arch: 'amd64', os.version: '10.0', java.version: '1.8.0_131'
Driver info: org.openqa.selenium.chrome.ChromeDriver
Capabilities [{applicationCacheEnabled=false, rotatable=false, mobileEmulationEnabled=false, networkConnectionEnabled=false, chrome={chromedriverVersion=2.29.461591 (62ebf098771772160f391d75e589dc567915b233), userDataDir=C:\Users\aksaini\AppData\Local\Temp\scoped_dir9856_6733}, takesHeapSnapshot=true, pageLoadStrategy=normal, databaseEnabled=false, handlesAlerts=true, hasTouchScreen=false, version=59.0.3071.115, platform=XP, browserConnectionEnabled=false, nativeEvents=true, acceptSslCerts=true, locationContextEnabled=true, webStorageEnabled=true, browserName=chrome, takesScreenshot=true, javascriptEnabled=true, cssSelectorsEnabled=true, unexpectedAlertBehaviour=}]
Session ID: 6a60aafd0af5af266227706579832e7f
*** Element info: {Using=xpath, value=//p[text()='QTP']}
	at org.openqa.selenium.remote.ErrorHandler.createThrowable(ErrorHandler.java:215)
	at org.openqa.selenium.remote.ErrorHandler.throwIfResponseFailed(ErrorHandler.java:167)
	at org.openqa.selenium.remote.RemoteWebDriver.execute(RemoteWebDriver.java:671)
	at org.openqa.selenium.remote.RemoteWebDriver.findElement(RemoteWebDriver.java:410)
	at org.openqa.selenium.remote.RemoteWebDriver.findElementByXPath(RemoteWebDriver.java:509)
	at org.openqa.selenium.By$ByXPath.findElement(By.java:361)
	at org.openqa.selenium.remote.RemoteWebDriver.findElement(RemoteWebDriver.java:402)
	at com.Git.com.EGIT.wait.allwait(wait.java:49)
... Removed 29 stack frames]]>
    </failure>
  </testcase> <!-- allwait -->
  <testcase name="robots" time="34.483" classname="com.Git.com.EGIT.robot"/>
</testsuite> <!-- Test -->
